2025-10-23T04:07:11+02:00
RAW: (empty)
POST: Array
(
    [driver] => web
    [userId] => a8vkla
    [message] => menu
    [attachment] => null
    [interactive] => 0
)

GET: Array
(
)

SERVER: Array
(
    [HTTP_USER_AGENT] => Mozilla/5.0 (Windows NT 10.0; Win64; x64) AppleWebKit/537.36 (KHTML, like Gecko) Chrome/141.0.0.0 Safari/537.36
    [CONTENT_TYPE] => multipart/form-data; boundary=----WebKitFormBoundarybiBFasu05WBxheHo
    [REMOTE_ADDR] => ::1
    [REQUEST_METHOD] => POST
)

----
2025-10-23T04:07:13+02:00
RAW: (empty)
POST: Array
(
    [driver] => web
    [userId] => a8vkla
    [message] => turno
    [attachment] => null
    [interactive] => 1
)

GET: Array
(
)

SERVER: Array
(
    [HTTP_USER_AGENT] => Mozilla/5.0 (Windows NT 10.0; Win64; x64) AppleWebKit/537.36 (KHTML, like Gecko) Chrome/141.0.0.0 Safari/537.36
    [CONTENT_TYPE] => multipart/form-data; boundary=----WebKitFormBoundarydCbH2OeoVHzEpAHh
    [REMOTE_ADDR] => ::1
    [REQUEST_METHOD] => POST
)

----
2025-10-23T04:07:27+02:00
RAW: (empty)
POST: Array
(
    [driver] => web
    [userId] => a8vkla
    [message] => sacar turno
    [attachment] => null
    [interactive] => 0
)

GET: Array
(
)

SERVER: Array
(
    [HTTP_USER_AGENT] => Mozilla/5.0 (Windows NT 10.0; Win64; x64) AppleWebKit/537.36 (KHTML, like Gecko) Chrome/141.0.0.0 Safari/537.36
    [CONTENT_TYPE] => multipart/form-data; boundary=----WebKitFormBoundary6mp9ndILlRmuQUVg
    [REMOTE_ADDR] => ::1
    [REQUEST_METHOD] => POST
)

----
2025-10-23T04:07:29+02:00
RAW: (empty)
POST: Array
(
    [driver] => web
    [userId] => a8vkla
    [message] => menu
    [attachment] => null
    [interactive] => 0
)

GET: Array
(
)

SERVER: Array
(
    [HTTP_USER_AGENT] => Mozilla/5.0 (Windows NT 10.0; Win64; x64) AppleWebKit/537.36 (KHTML, like Gecko) Chrome/141.0.0.0 Safari/537.36
    [CONTENT_TYPE] => multipart/form-data; boundary=----WebKitFormBoundarylU9hG7zNexKBZAU6
    [REMOTE_ADDR] => ::1
    [REQUEST_METHOD] => POST
)

----
2025-10-23T04:07:31+02:00
RAW: (empty)
POST: Array
(
    [driver] => web
    [userId] => a8vkla
    [message] => turno
    [attachment] => null
    [interactive] => 1
)

GET: Array
(
)

SERVER: Array
(
    [HTTP_USER_AGENT] => Mozilla/5.0 (Windows NT 10.0; Win64; x64) AppleWebKit/537.36 (KHTML, like Gecko) Chrome/141.0.0.0 Safari/537.36
    [CONTENT_TYPE] => multipart/form-data; boundary=----WebKitFormBoundaryTIja8yL2IZeLKEEn
    [REMOTE_ADDR] => ::1
    [REQUEST_METHOD] => POST
)

----
2025-10-23T04:11:45+02:00
RAW: driver=web&message=horarios
POST: Array
(
    [driver] => web
    [message] => horarios
)

GET: Array
(
)

SERVER: Array
(
    [HTTP_USER_AGENT] => Mozilla/5.0 (Windows NT; Windows NT 10.0; es-MX) WindowsPowerShell/5.1.26100.6899
    [CONTENT_TYPE] => application/x-www-form-urlencoded
    [REMOTE_ADDR] => ::1
    [REQUEST_METHOD] => POST
)

----
2025-10-23T04:11:48+02:00
RAW: driver=web&message=horarios
POST: Array
(
    [driver] => web
    [message] => horarios
)

GET: Array
(
)

SERVER: Array
(
    [HTTP_USER_AGENT] => Mozilla/5.0 (Windows NT; Windows NT 10.0; es-MX) WindowsPowerShell/5.1.26100.6899
    [CONTENT_TYPE] => application/x-www-form-urlencoded
    [REMOTE_ADDR] => ::1
    [REQUEST_METHOD] => POST
)

----
2025-10-23T04:15:46+02:00
RAW: (empty)
POST: Array
(
    [driver] => web
    [userId] => s4ctfi
    [message] => menu
    [attachment] => null
    [interactive] => 0
)

GET: Array
(
)

SERVER: Array
(
    [HTTP_USER_AGENT] => Mozilla/5.0 (Windows NT 10.0; Win64; x64) AppleWebKit/537.36 (KHTML, like Gecko) Chrome/141.0.0.0 Safari/537.36
    [CONTENT_TYPE] => multipart/form-data; boundary=----WebKitFormBoundaryRtaptyk8rreTmxA6
    [REMOTE_ADDR] => ::1
    [REQUEST_METHOD] => POST
)

----
2025-10-23T04:15:47+02:00
RAW: (empty)
POST: Array
(
    [driver] => web
    [userId] => s4ctfi
    [message] => turno
    [attachment] => null
    [interactive] => 1
)

GET: Array
(
)

SERVER: Array
(
    [HTTP_USER_AGENT] => Mozilla/5.0 (Windows NT 10.0; Win64; x64) AppleWebKit/537.36 (KHTML, like Gecko) Chrome/141.0.0.0 Safari/537.36
    [CONTENT_TYPE] => multipart/form-data; boundary=----WebKitFormBoundarys9x6w4KhNDML6U54
    [REMOTE_ADDR] => ::1
    [REQUEST_METHOD] => POST
)

----
2025-10-23T04:15:58+02:00
RAW: driver=web&message=turno
POST: Array
(
    [driver] => web
    [message] => turno
)

GET: Array
(
)

SERVER: Array
(
    [HTTP_USER_AGENT] => Mozilla/5.0 (Windows NT; Windows NT 10.0; es-MX) WindowsPowerShell/5.1.26100.6899
    [CONTENT_TYPE] => application/x-www-form-urlencoded
    [REMOTE_ADDR] => ::1
    [REQUEST_METHOD] => POST
)

----
2025-10-23T04:16:27+02:00
RAW: (empty)
POST: Array
(
    [driver] => web
    [userId] => s4ctfi
    [message] => GASTON GABRIEL BERHAU
    [attachment] => null
    [interactive] => 0
)

GET: Array
(
)

SERVER: Array
(
    [HTTP_USER_AGENT] => Mozilla/5.0 (Windows NT 10.0; Win64; x64) AppleWebKit/537.36 (KHTML, like Gecko) Chrome/141.0.0.0 Safari/537.36
    [CONTENT_TYPE] => multipart/form-data; boundary=----WebKitFormBoundary7ulCxPnKBWvKJBNv
    [REMOTE_ADDR] => ::1
    [REQUEST_METHOD] => POST
)

----
2025-10-23T04:17:58+02:00
RAW: (empty)
POST: Array
(
    [driver] => web
    [userId] => ar8yl9
    [message] => Menu
    [attachment] => null
    [interactive] => 0
)

GET: Array
(
)

SERVER: Array
(
    [HTTP_USER_AGENT] => Mozilla/5.0 (Windows NT 10.0; Win64; x64) AppleWebKit/537.36 (KHTML, like Gecko) Chrome/141.0.0.0 Safari/537.36
    [CONTENT_TYPE] => multipart/form-data; boundary=----WebKitFormBoundaryEOGtBhziKBdB3FMm
    [REMOTE_ADDR] => ::1
    [REQUEST_METHOD] => POST
)

----
2025-10-23T04:17:59+02:00
RAW: (empty)
POST: Array
(
    [driver] => web
    [userId] => ar8yl9
    [message] => horarios
    [attachment] => null
    [interactive] => 1
)

GET: Array
(
)

SERVER: Array
(
    [HTTP_USER_AGENT] => Mozilla/5.0 (Windows NT 10.0; Win64; x64) AppleWebKit/537.36 (KHTML, like Gecko) Chrome/141.0.0.0 Safari/537.36
    [CONTENT_TYPE] => multipart/form-data; boundary=----WebKitFormBoundaryDIMAnKq2EE1psFXd
    [REMOTE_ADDR] => ::1
    [REQUEST_METHOD] => POST
)

----
2025-10-23T04:18:02+02:00
RAW: (empty)
POST: Array
(
    [driver] => web
    [userId] => ar8yl9
    [message] => GASTON GABRIEL BERHAU
    [attachment] => null
    [interactive] => 0
)

GET: Array
(
)

SERVER: Array
(
    [HTTP_USER_AGENT] => Mozilla/5.0 (Windows NT 10.0; Win64; x64) AppleWebKit/537.36 (KHTML, like Gecko) Chrome/141.0.0.0 Safari/537.36
    [CONTENT_TYPE] => multipart/form-data; boundary=----WebKitFormBoundaryUOSk5yoCOgAlj2dZ
    [REMOTE_ADDR] => ::1
    [REQUEST_METHOD] => POST
)

----
2025-10-23T04:18:04+02:00
RAW: (empty)
POST: Array
(
    [driver] => web
    [userId] => ar8yl9
    [message] => hola
    [attachment] => null
    [interactive] => 0
)

GET: Array
(
)

SERVER: Array
(
    [HTTP_USER_AGENT] => Mozilla/5.0 (Windows NT 10.0; Win64; x64) AppleWebKit/537.36 (KHTML, like Gecko) Chrome/141.0.0.0 Safari/537.36
    [CONTENT_TYPE] => multipart/form-data; boundary=----WebKitFormBoundaryfMXpT30L3ciBEFIL
    [REMOTE_ADDR] => ::1
    [REQUEST_METHOD] => POST
)

----
2025-10-23T04:18:05+02:00
RAW: (empty)
POST: Array
(
    [driver] => web
    [userId] => ar8yl9
    [message] => MENU
    [attachment] => null
    [interactive] => 0
)

GET: Array
(
)

SERVER: Array
(
    [HTTP_USER_AGENT] => Mozilla/5.0 (Windows NT 10.0; Win64; x64) AppleWebKit/537.36 (KHTML, like Gecko) Chrome/141.0.0.0 Safari/537.36
    [CONTENT_TYPE] => multipart/form-data; boundary=----WebKitFormBoundaryntABpwVmaqGXB22P
    [REMOTE_ADDR] => ::1
    [REQUEST_METHOD] => POST
)

----
2025-10-23T04:18:07+02:00
RAW: (empty)
POST: Array
(
    [driver] => web
    [userId] => ar8yl9
    [message] => ubicacion
    [attachment] => null
    [interactive] => 1
)

GET: Array
(
)

SERVER: Array
(
    [HTTP_USER_AGENT] => Mozilla/5.0 (Windows NT 10.0; Win64; x64) AppleWebKit/537.36 (KHTML, like Gecko) Chrome/141.0.0.0 Safari/537.36
    [CONTENT_TYPE] => multipart/form-data; boundary=----WebKitFormBoundary5ANl2OrLQddNLxUg
    [REMOTE_ADDR] => ::1
    [REQUEST_METHOD] => POST
)

----
2025-10-23T04:18:09+02:00
RAW: (empty)
POST: Array
(
    [driver] => web
    [userId] => ar8yl9
    [message] => MENU
    [attachment] => null
    [interactive] => 0
)

GET: Array
(
)

SERVER: Array
(
    [HTTP_USER_AGENT] => Mozilla/5.0 (Windows NT 10.0; Win64; x64) AppleWebKit/537.36 (KHTML, like Gecko) Chrome/141.0.0.0 Safari/537.36
    [CONTENT_TYPE] => multipart/form-data; boundary=----WebKitFormBoundarydl165EpVG3qV9mts
    [REMOTE_ADDR] => ::1
    [REQUEST_METHOD] => POST
)

----
2025-10-23T04:18:13+02:00
RAW: (empty)
POST: Array
(
    [driver] => web
    [userId] => ar8yl9
    [message] => humano
    [attachment] => null
    [interactive] => 1
)

GET: Array
(
)

SERVER: Array
(
    [HTTP_USER_AGENT] => Mozilla/5.0 (Windows NT 10.0; Win64; x64) AppleWebKit/537.36 (KHTML, like Gecko) Chrome/141.0.0.0 Safari/537.36
    [CONTENT_TYPE] => multipart/form-data; boundary=----WebKitFormBoundary5x3JGuBRDoP4FZko
    [REMOTE_ADDR] => ::1
    [REQUEST_METHOD] => POST
)

----
2025-10-23T04:18:18+02:00
RAW: (empty)
POST: Array
(
    [driver] => web
    [userId] => ar8yl9
    [message] => sacar turno
    [attachment] => null
    [interactive] => 0
)

GET: Array
(
)

SERVER: Array
(
    [HTTP_USER_AGENT] => Mozilla/5.0 (Windows NT 10.0; Win64; x64) AppleWebKit/537.36 (KHTML, like Gecko) Chrome/141.0.0.0 Safari/537.36
    [CONTENT_TYPE] => multipart/form-data; boundary=----WebKitFormBoundaryIjwMiLf1jqmGdSsA
    [REMOTE_ADDR] => ::1
    [REQUEST_METHOD] => POST
)

----
2025-10-23T04:18:23+02:00
RAW: (empty)
POST: Array
(
    [driver] => web
    [userId] => ar8yl9
    [message] => GASTON GABRIEL BERHAU
    [attachment] => null
    [interactive] => 0
)

GET: Array
(
)

SERVER: Array
(
    [HTTP_USER_AGENT] => Mozilla/5.0 (Windows NT 10.0; Win64; x64) AppleWebKit/537.36 (KHTML, like Gecko) Chrome/141.0.0.0 Safari/537.36
    [CONTENT_TYPE] => multipart/form-data; boundary=----WebKitFormBoundaryWFa206Oq9BbAeQOa
    [REMOTE_ADDR] => ::1
    [REQUEST_METHOD] => POST
)

----
2025-10-23T04:22:36+02:00
RAW: {
    "userId":  "flowtest",
    "driver":  "web",
    "message":  "CMD:turno"
}
POST: Array
(
)

GET: Array
(
)

SERVER: Array
(
    [HTTP_USER_AGENT] => Mozilla/5.0 (Windows NT; Windows NT 10.0; es-MX) WindowsPowerShell/5.1.26100.6899
    [CONTENT_TYPE] => application/json
    [REMOTE_ADDR] => ::1
    [REQUEST_METHOD] => POST
)

----
2025-10-23T04:22:36+02:00
RAW: {
    "userId":  "flowtest",
    "driver":  "web",
    "message":  "Gaston Perez"
}
POST: Array
(
)

GET: Array
(
)

SERVER: Array
(
    [HTTP_USER_AGENT] => Mozilla/5.0 (Windows NT; Windows NT 10.0; es-MX) WindowsPowerShell/5.1.26100.6899
    [CONTENT_TYPE] => application/json
    [REMOTE_ADDR] => ::1
    [REQUEST_METHOD] => POST
)

----
2025-10-23T04:22:37+02:00
RAW: {
    "userId":  "flowtest",
    "driver":  "web",
    "message":  "Pediatria"
}
POST: Array
(
)

GET: Array
(
)

SERVER: Array
(
    [HTTP_USER_AGENT] => Mozilla/5.0 (Windows NT; Windows NT 10.0; es-MX) WindowsPowerShell/5.1.26100.6899
    [CONTENT_TYPE] => application/json
    [REMOTE_ADDR] => ::1
    [REQUEST_METHOD] => POST
)

----
2025-10-23T04:22:37+02:00
RAW: {
    "userId":  "flowtest",
    "driver":  "web",
    "message":  "25/10/2025"
}
POST: Array
(
)

GET: Array
(
)

SERVER: Array
(
    [HTTP_USER_AGENT] => Mozilla/5.0 (Windows NT; Windows NT 10.0; es-MX) WindowsPowerShell/5.1.26100.6899
    [CONTENT_TYPE] => application/json
    [REMOTE_ADDR] => ::1
    [REQUEST_METHOD] => POST
)

----
2025-10-23T04:22:38+02:00
RAW: {
    "userId":  "flowtest",
    "driver":  "web",
    "message":  "gaston@example.com"
}
POST: Array
(
)

GET: Array
(
)

SERVER: Array
(
    [HTTP_USER_AGENT] => Mozilla/5.0 (Windows NT; Windows NT 10.0; es-MX) WindowsPowerShell/5.1.26100.6899
    [CONTENT_TYPE] => application/json
    [REMOTE_ADDR] => ::1
    [REQUEST_METHOD] => POST
)

----
2025-10-23T04:22:44+02:00
RAW: (empty)
POST: Array
(
    [driver] => web
    [userId] => ar8yl9
    [message] => menu
    [attachment] => null
    [interactive] => 0
)

GET: Array
(
)

SERVER: Array
(
    [HTTP_USER_AGENT] => Mozilla/5.0 (Windows NT 10.0; Win64; x64) AppleWebKit/537.36 (KHTML, like Gecko) Chrome/141.0.0.0 Safari/537.36
    [CONTENT_TYPE] => multipart/form-data; boundary=----WebKitFormBoundary7nuRodnspQHGqxTN
    [REMOTE_ADDR] => ::1
    [REQUEST_METHOD] => POST
)

----
2025-10-23T04:22:45+02:00
RAW: (empty)
POST: Array
(
    [driver] => web
    [userId] => ar8yl9
    [message] => turno
    [attachment] => null
    [interactive] => 1
)

GET: Array
(
)

SERVER: Array
(
    [HTTP_USER_AGENT] => Mozilla/5.0 (Windows NT 10.0; Win64; x64) AppleWebKit/537.36 (KHTML, like Gecko) Chrome/141.0.0.0 Safari/537.36
    [CONTENT_TYPE] => multipart/form-data; boundary=----WebKitFormBoundaryWAysgUQ6WRcR46hA
    [REMOTE_ADDR] => ::1
    [REQUEST_METHOD] => POST
)

----
2025-10-23T04:22:48+02:00
RAW: (empty)
POST: Array
(
    [driver] => web
    [userId] => ar8yl9
    [message] => GASTON GABRIEL BERHAU
    [attachment] => null
    [interactive] => 0
)

GET: Array
(
)

SERVER: Array
(
    [HTTP_USER_AGENT] => Mozilla/5.0 (Windows NT 10.0; Win64; x64) AppleWebKit/537.36 (KHTML, like Gecko) Chrome/141.0.0.0 Safari/537.36
    [CONTENT_TYPE] => multipart/form-data; boundary=----WebKitFormBoundarySVeLXBozBwQ7uBkw
    [REMOTE_ADDR] => ::1
    [REQUEST_METHOD] => POST
)

----
2025-10-23T04:25:13+02:00
RAW: (empty)
POST: Array
(
    [driver] => web
    [userId] => ar8yl9
    [message] => Menu
    [attachment] => null
    [interactive] => 0
)

GET: Array
(
)

SERVER: Array
(
    [HTTP_USER_AGENT] => Mozilla/5.0 (Windows NT 10.0; Win64; x64) AppleWebKit/537.36 (KHTML, like Gecko) Chrome/141.0.0.0 Safari/537.36
    [CONTENT_TYPE] => multipart/form-data; boundary=----WebKitFormBoundaryUT0IjS9di2i3xezB
    [REMOTE_ADDR] => ::1
    [REQUEST_METHOD] => POST
)

----
2025-10-23T04:25:14+02:00
RAW: (empty)
POST: Array
(
    [driver] => web
    [userId] => ar8yl9
    [message] => turno
    [attachment] => null
    [interactive] => 1
)

GET: Array
(
)

SERVER: Array
(
    [HTTP_USER_AGENT] => Mozilla/5.0 (Windows NT 10.0; Win64; x64) AppleWebKit/537.36 (KHTML, like Gecko) Chrome/141.0.0.0 Safari/537.36
    [CONTENT_TYPE] => multipart/form-data; boundary=----WebKitFormBoundaryWJPPqGoG39P6UtGj
    [REMOTE_ADDR] => ::1
    [REQUEST_METHOD] => POST
)

----
2025-10-23T04:25:16+02:00
RAW: (empty)
POST: Array
(
    [driver] => web
    [userId] => ar8yl9
    [message] => GASTON GABRIEL BERHAU
    [attachment] => null
    [interactive] => 0
)

GET: Array
(
)

SERVER: Array
(
    [HTTP_USER_AGENT] => Mozilla/5.0 (Windows NT 10.0; Win64; x64) AppleWebKit/537.36 (KHTML, like Gecko) Chrome/141.0.0.0 Safari/537.36
    [CONTENT_TYPE] => multipart/form-data; boundary=----WebKitFormBoundary5iFYP590XpuZE4RG
    [REMOTE_ADDR] => ::1
    [REQUEST_METHOD] => POST
)

----
2025-10-23T04:27:27+02:00
RAW: {
    "userId":  "testflow1",
    "interactive":  1,
    "driver":  "web",
    "message":  "CMD:turno"
}
POST: Array
(
)

GET: Array
(
)

SERVER: Array
(
    [HTTP_USER_AGENT] => Mozilla/5.0 (Windows NT; Windows NT 10.0; es-MX) WindowsPowerShell/5.1.26100.6899
    [CONTENT_TYPE] => application/json
    [REMOTE_ADDR] => ::1
    [REQUEST_METHOD] => POST
)

----
2025-10-23T04:27:27+02:00
RAW: {
    "userId":  "testflow1",
    "interactive":  0,
    "driver":  "web",
    "message":  "Gaston"
}
POST: Array
(
)

GET: Array
(
)

SERVER: Array
(
    [HTTP_USER_AGENT] => Mozilla/5.0 (Windows NT; Windows NT 10.0; es-MX) WindowsPowerShell/5.1.26100.6899
    [CONTENT_TYPE] => application/json
    [REMOTE_ADDR] => ::1
    [REQUEST_METHOD] => POST
)

----
2025-10-23T04:28:45+02:00
RAW: {
    "userId":  "u123",
    "interactive":  1,
    "driver":  "web",
    "message":  "turno"
}
POST: Array
(
)

GET: Array
(
)

SERVER: Array
(
    [HTTP_USER_AGENT] => Mozilla/5.0 (Windows NT; Windows NT 10.0; es-MX) WindowsPowerShell/5.1.26100.6899
    [CONTENT_TYPE] => application/json
    [REMOTE_ADDR] => ::1
    [REQUEST_METHOD] => POST
)

----
2025-10-23T04:28:45+02:00
RAW: {
    "userId":  "u123",
    "interactive":  0,
    "driver":  "web",
    "message":  "Carlos Gomez"
}
POST: Array
(
)

GET: Array
(
)

SERVER: Array
(
    [HTTP_USER_AGENT] => Mozilla/5.0 (Windows NT; Windows NT 10.0; es-MX) WindowsPowerShell/5.1.26100.6899
    [CONTENT_TYPE] => application/json
    [REMOTE_ADDR] => ::1
    [REQUEST_METHOD] => POST
)

----
2025-10-23T04:28:59+02:00
RAW: (empty)
POST: Array
(
    [driver] => web
    [userId] => ar8yl9
    [message] => Menu
    [attachment] => null
    [interactive] => 0
)

GET: Array
(
)

SERVER: Array
(
    [HTTP_USER_AGENT] => Mozilla/5.0 (Windows NT 10.0; Win64; x64) AppleWebKit/537.36 (KHTML, like Gecko) Chrome/141.0.0.0 Safari/537.36
    [CONTENT_TYPE] => multipart/form-data; boundary=----WebKitFormBoundarynK8BaNBYp4jY9ZpB
    [REMOTE_ADDR] => ::1
    [REQUEST_METHOD] => POST
)

----
2025-10-23T04:29:00+02:00
RAW: (empty)
POST: Array
(
    [driver] => web
    [userId] => ar8yl9
    [message] => turno
    [attachment] => null
    [interactive] => 1
)

GET: Array
(
)

SERVER: Array
(
    [HTTP_USER_AGENT] => Mozilla/5.0 (Windows NT 10.0; Win64; x64) AppleWebKit/537.36 (KHTML, like Gecko) Chrome/141.0.0.0 Safari/537.36
    [CONTENT_TYPE] => multipart/form-data; boundary=----WebKitFormBoundary7k8OhzsrMpXI2rJW
    [REMOTE_ADDR] => ::1
    [REQUEST_METHOD] => POST
)

----
2025-10-23T04:29:01+02:00
RAW: (empty)
POST: Array
(
    [driver] => web
    [userId] => ar8yl9
    [message] => GASTON GABRIEL BERHAU
    [attachment] => null
    [interactive] => 0
)

GET: Array
(
)

SERVER: Array
(
    [HTTP_USER_AGENT] => Mozilla/5.0 (Windows NT 10.0; Win64; x64) AppleWebKit/537.36 (KHTML, like Gecko) Chrome/141.0.0.0 Safari/537.36
    [CONTENT_TYPE] => multipart/form-data; boundary=----WebKitFormBoundaryeM6mPG5qskpALtUD
    [REMOTE_ADDR] => ::1
    [REQUEST_METHOD] => POST
)

----
2025-10-23T04:29:43+02:00
RAW: (empty)
POST: Array
(
    [driver] => web
    [userId] => ma7j48
    [message] => Menu
    [attachment] => null
    [interactive] => 0
)

GET: Array
(
)

SERVER: Array
(
    [HTTP_USER_AGENT] => Mozilla/5.0 (Windows NT 10.0; Win64; x64) AppleWebKit/537.36 (KHTML, like Gecko) Chrome/141.0.0.0 Safari/537.36
    [CONTENT_TYPE] => multipart/form-data; boundary=----WebKitFormBoundary279sXLTBPpeRqIs0
    [REMOTE_ADDR] => ::1
    [REQUEST_METHOD] => POST
)

----
2025-10-23T04:29:45+02:00
RAW: (empty)
POST: Array
(
    [driver] => web
    [userId] => ma7j48
    [message] => especialidades
    [attachment] => null
    [interactive] => 0
)

GET: Array
(
)

SERVER: Array
(
    [HTTP_USER_AGENT] => Mozilla/5.0 (Windows NT 10.0; Win64; x64) AppleWebKit/537.36 (KHTML, like Gecko) Chrome/141.0.0.0 Safari/537.36
    [CONTENT_TYPE] => multipart/form-data; boundary=----WebKitFormBoundary43Nx1TnBxgSG5qZq
    [REMOTE_ADDR] => ::1
    [REQUEST_METHOD] => POST
)

----
2025-10-23T04:29:52+02:00
RAW: (empty)
POST: Array
(
    [driver] => web
    [userId] => ar8yl9
    [message] => Ginecología
    [attachment] => null
    [interactive] => 0
)

GET: Array
(
)

SERVER: Array
(
    [HTTP_USER_AGENT] => Mozilla/5.0 (Windows NT 10.0; Win64; x64) AppleWebKit/537.36 (KHTML, like Gecko) Chrome/141.0.0.0 Safari/537.36
    [CONTENT_TYPE] => multipart/form-data; boundary=----WebKitFormBoundaryAzfU7KzSiVmexDBT
    [REMOTE_ADDR] => ::1
    [REQUEST_METHOD] => POST
)

----
2025-10-23T04:29:57+02:00
RAW: (empty)
POST: Array
(
    [driver] => web
    [userId] => ar8yl9
    [message] => 19/10/2025
    [attachment] => null
    [interactive] => 0
)

GET: Array
(
)

SERVER: Array
(
    [HTTP_USER_AGENT] => Mozilla/5.0 (Windows NT 10.0; Win64; x64) AppleWebKit/537.36 (KHTML, like Gecko) Chrome/141.0.0.0 Safari/537.36
    [CONTENT_TYPE] => multipart/form-data; boundary=----WebKitFormBoundaryaxVo2BQJxeUknFAk
    [REMOTE_ADDR] => ::1
    [REQUEST_METHOD] => POST
)

----
2025-10-23T04:30:05+02:00
RAW: (empty)
POST: Array
(
    [driver] => web
    [userId] => ar8yl9
    [message] => gastonn.okk@gmail.com
    [attachment] => null
    [interactive] => 0
)

GET: Array
(
)

SERVER: Array
(
    [HTTP_USER_AGENT] => Mozilla/5.0 (Windows NT 10.0; Win64; x64) AppleWebKit/537.36 (KHTML, like Gecko) Chrome/141.0.0.0 Safari/537.36
    [CONTENT_TYPE] => multipart/form-data; boundary=----WebKitFormBoundaryT5GPwbOM4I6nYjNl
    [REMOTE_ADDR] => ::1
    [REQUEST_METHOD] => POST
)

----
2025-10-23T04:34:55+02:00
RAW: {
    "userId":  "uval",
    "interactive":  1,
    "driver":  "web",
    "message":  "turno"
}
POST: Array
(
)

GET: Array
(
)

SERVER: Array
(
    [HTTP_USER_AGENT] => Mozilla/5.0 (Windows NT; Windows NT 10.0; es-MX) WindowsPowerShell/5.1.26100.6899
    [CONTENT_TYPE] => application/json
    [REMOTE_ADDR] => ::1
    [REQUEST_METHOD] => POST
)

----
2025-10-23T04:34:55+02:00
RAW: {
    "userId":  "uval",
    "driver":  "web",
    "message":  "22/10/2025"
}
POST: Array
(
)

GET: Array
(
)

SERVER: Array
(
    [HTTP_USER_AGENT] => Mozilla/5.0 (Windows NT; Windows NT 10.0; es-MX) WindowsPowerShell/5.1.26100.6899
    [CONTENT_TYPE] => application/json
    [REMOTE_ADDR] => ::1
    [REQUEST_METHOD] => POST
)

----
2025-10-23T04:34:55+02:00
RAW: {
    "userId":  "uval",
    "driver":  "web",
    "message":  "23/10/2025"
}
POST: Array
(
)

GET: Array
(
)

SERVER: Array
(
    [HTTP_USER_AGENT] => Mozilla/5.0 (Windows NT; Windows NT 10.0; es-MX) WindowsPowerShell/5.1.26100.6899
    [CONTENT_TYPE] => application/json
    [REMOTE_ADDR] => ::1
    [REQUEST_METHOD] => POST
)

----
2025-10-23T04:38:15+02:00
RAW: (empty)
POST: Array
(
    [driver] => web
    [userId] => h0zrsr
    [message] => menu
    [attachment] => null
    [interactive] => 0
)

GET: Array
(
)

SERVER: Array
(
    [HTTP_USER_AGENT] => Mozilla/5.0 (Windows NT 10.0; Win64; x64) AppleWebKit/537.36 (KHTML, like Gecko) Chrome/141.0.0.0 Safari/537.36
    [CONTENT_TYPE] => multipart/form-data; boundary=----WebKitFormBoundaryg6RjCBTs8iIzVyQK
    [REMOTE_ADDR] => ::1
    [REQUEST_METHOD] => POST
)

----
2025-10-23T04:38:16+02:00
RAW: (empty)
POST: Array
(
    [driver] => web
    [userId] => h0zrsr
    [message] => turno
    [attachment] => null
    [interactive] => 1
)

GET: Array
(
)

SERVER: Array
(
    [HTTP_USER_AGENT] => Mozilla/5.0 (Windows NT 10.0; Win64; x64) AppleWebKit/537.36 (KHTML, like Gecko) Chrome/141.0.0.0 Safari/537.36
    [CONTENT_TYPE] => multipart/form-data; boundary=----WebKitFormBoundaryh6PCTqXKfBijzdwO
    [REMOTE_ADDR] => ::1
    [REQUEST_METHOD] => POST
)

----
2025-10-23T04:38:22+02:00
RAW: (empty)
POST: Array
(
    [driver] => web
    [userId] => h0zrsr
    [message] => GASTON GABRIEL BERHAU
    [attachment] => null
    [interactive] => 0
)

GET: Array
(
)

SERVER: Array
(
    [HTTP_USER_AGENT] => Mozilla/5.0 (Windows NT 10.0; Win64; x64) AppleWebKit/537.36 (KHTML, like Gecko) Chrome/141.0.0.0 Safari/537.36
    [CONTENT_TYPE] => multipart/form-data; boundary=----WebKitFormBoundaryzmz5sLn6DNhTpEp4
    [REMOTE_ADDR] => ::1
    [REQUEST_METHOD] => POST
)

----
2025-10-23T04:38:30+02:00
RAW: (empty)
POST: Array
(
    [driver] => web
    [userId] => 96jc64
    [message] => Hola
    [attachment] => null
    [interactive] => 0
)

GET: Array
(
)

SERVER: Array
(
    [HTTP_USER_AGENT] => Mozilla/5.0 (Windows NT 10.0; Win64; x64) AppleWebKit/537.36 (KHTML, like Gecko) Chrome/141.0.0.0 Safari/537.36
    [CONTENT_TYPE] => multipart/form-data; boundary=----WebKitFormBoundaryBzCayCEJnYwK16SU
    [REMOTE_ADDR] => ::1
    [REQUEST_METHOD] => POST
)

----
2025-10-23T04:38:33+02:00
RAW: (empty)
POST: Array
(
    [driver] => web
    [userId] => 96jc64
    [message] => menu
    [attachment] => null
    [interactive] => 0
)

GET: Array
(
)

SERVER: Array
(
    [HTTP_USER_AGENT] => Mozilla/5.0 (Windows NT 10.0; Win64; x64) AppleWebKit/537.36 (KHTML, like Gecko) Chrome/141.0.0.0 Safari/537.36
    [CONTENT_TYPE] => multipart/form-data; boundary=----WebKitFormBoundaryRWhVsMaXUVVCDuo8
    [REMOTE_ADDR] => ::1
    [REQUEST_METHOD] => POST
)

----
2025-10-23T04:38:34+02:00
RAW: (empty)
POST: Array
(
    [driver] => web
    [userId] => 96jc64
    [message] => turno
    [attachment] => null
    [interactive] => 1
)

GET: Array
(
)

SERVER: Array
(
    [HTTP_USER_AGENT] => Mozilla/5.0 (Windows NT 10.0; Win64; x64) AppleWebKit/537.36 (KHTML, like Gecko) Chrome/141.0.0.0 Safari/537.36
    [CONTENT_TYPE] => multipart/form-data; boundary=----WebKitFormBoundaryYmpSA855AD3F2iuP
    [REMOTE_ADDR] => ::1
    [REQUEST_METHOD] => POST
)

----
2025-10-23T04:38:38+02:00
RAW: (empty)
POST: Array
(
    [driver] => web
    [userId] => 96jc64
    [message] => Menu
    [attachment] => null
    [interactive] => 0
)

GET: Array
(
)

SERVER: Array
(
    [HTTP_USER_AGENT] => Mozilla/5.0 (Windows NT 10.0; Win64; x64) AppleWebKit/537.36 (KHTML, like Gecko) Chrome/141.0.0.0 Safari/537.36
    [CONTENT_TYPE] => multipart/form-data; boundary=----WebKitFormBoundary7D57DmAi5bMqReY8
    [REMOTE_ADDR] => ::1
    [REQUEST_METHOD] => POST
)

----
2025-10-23T04:38:44+02:00
RAW: (empty)
POST: Array
(
    [driver] => web
    [userId] => 96jc64
    [message] => turno
    [attachment] => null
    [interactive] => 1
)

GET: Array
(
)

SERVER: Array
(
    [HTTP_USER_AGENT] => Mozilla/5.0 (Windows NT 10.0; Win64; x64) AppleWebKit/537.36 (KHTML, like Gecko) Chrome/141.0.0.0 Safari/537.36
    [CONTENT_TYPE] => multipart/form-data; boundary=----WebKitFormBoundaryLvAc1cvhquAnwBrE
    [REMOTE_ADDR] => ::1
    [REQUEST_METHOD] => POST
)

----
2025-10-23T04:38:54+02:00
RAW: (empty)
POST: Array
(
    [driver] => web
    [userId] => ml12zf
    [message] => Menu
    [attachment] => null
    [interactive] => 0
)

GET: Array
(
)

SERVER: Array
(
    [HTTP_USER_AGENT] => Mozilla/5.0 (Windows NT 10.0; Win64; x64) AppleWebKit/537.36 (KHTML, like Gecko) Chrome/141.0.0.0 Safari/537.36
    [CONTENT_TYPE] => multipart/form-data; boundary=----WebKitFormBoundaryWb9nP8Gme5ffQDb8
    [REMOTE_ADDR] => ::1
    [REQUEST_METHOD] => POST
)

----
2025-10-23T04:38:55+02:00
RAW: (empty)
POST: Array
(
    [driver] => web
    [userId] => ml12zf
    [message] => turno
    [attachment] => null
    [interactive] => 1
)

GET: Array
(
)

SERVER: Array
(
    [HTTP_USER_AGENT] => Mozilla/5.0 (Windows NT 10.0; Win64; x64) AppleWebKit/537.36 (KHTML, like Gecko) Chrome/141.0.0.0 Safari/537.36
    [CONTENT_TYPE] => multipart/form-data; boundary=----WebKitFormBoundaryGno4cprWFg661pPC
    [REMOTE_ADDR] => ::1
    [REQUEST_METHOD] => POST
)

----
2025-10-23T04:38:58+02:00
RAW: (empty)
POST: Array
(
    [driver] => web
    [userId] => ml12zf
    [message] => GASTON GABRIEL BERHAU
    [attachment] => null
    [interactive] => 0
)

GET: Array
(
)

SERVER: Array
(
    [HTTP_USER_AGENT] => Mozilla/5.0 (Windows NT 10.0; Win64; x64) AppleWebKit/537.36 (KHTML, like Gecko) Chrome/141.0.0.0 Safari/537.36
    [CONTENT_TYPE] => multipart/form-data; boundary=----WebKitFormBoundarytAK0UwJPTBn5S5a6
    [REMOTE_ADDR] => ::1
    [REQUEST_METHOD] => POST
)

----
2025-10-23T04:39:16+02:00
RAW: (empty)
POST: Array
(
    [driver] => web
    [userId] => ml12zf
    [message] => Ginecologia
    [attachment] => null
    [interactive] => 0
)

GET: Array
(
)

SERVER: Array
(
    [HTTP_USER_AGENT] => Mozilla/5.0 (Windows NT 10.0; Win64; x64) AppleWebKit/537.36 (KHTML, like Gecko) Chrome/141.0.0.0 Safari/537.36
    [CONTENT_TYPE] => multipart/form-data; boundary=----WebKitFormBoundaryFZKXzaNHfgzYw2VB
    [REMOTE_ADDR] => ::1
    [REQUEST_METHOD] => POST
)

----
2025-10-23T04:39:22+02:00
RAW: (empty)
POST: Array
(
    [driver] => web
    [userId] => ml12zf
    [message] => 18/10/2005
    [attachment] => null
    [interactive] => 0
)

GET: Array
(
)

SERVER: Array
(
    [HTTP_USER_AGENT] => Mozilla/5.0 (Windows NT 10.0; Win64; x64) AppleWebKit/537.36 (KHTML, like Gecko) Chrome/141.0.0.0 Safari/537.36
    [CONTENT_TYPE] => multipart/form-data; boundary=----WebKitFormBoundarykQytuQAxEOojqa9o
    [REMOTE_ADDR] => ::1
    [REQUEST_METHOD] => POST
)

----
2025-10-23T04:39:27+02:00
RAW: (empty)
POST: Array
(
    [driver] => web
    [userId] => ml12zf
    [message] => gastonn.okk@gmail.com
    [attachment] => null
    [interactive] => 0
)

GET: Array
(
)

SERVER: Array
(
    [HTTP_USER_AGENT] => Mozilla/5.0 (Windows NT 10.0; Win64; x64) AppleWebKit/537.36 (KHTML, like Gecko) Chrome/141.0.0.0 Safari/537.36
    [CONTENT_TYPE] => multipart/form-data; boundary=----WebKitFormBoundaryMnxg47taxdCQfBop
    [REMOTE_ADDR] => ::1
    [REQUEST_METHOD] => POST
)

----
2025-10-23T04:45:58+02:00
RAW: (empty)
POST: Array
(
    [driver] => web
    [userId] => ma7j48
    [message] => menu
    [attachment] => null
    [interactive] => 0
)

GET: Array
(
)

SERVER: Array
(
    [HTTP_USER_AGENT] => Mozilla/5.0 (Windows NT 10.0; Win64; x64) AppleWebKit/537.36 (KHTML, like Gecko) Chrome/141.0.0.0 Safari/537.36
    [CONTENT_TYPE] => multipart/form-data; boundary=----WebKitFormBoundaryGCfsolo79loPPsSj
    [REMOTE_ADDR] => ::1
    [REQUEST_METHOD] => POST
)

----
2025-10-23T04:46:03+02:00
RAW: (empty)
POST: Array
(
    [driver] => web
    [userId] => ml12zf
    [message] => Menu
    [attachment] => null
    [interactive] => 0
)

GET: Array
(
)

SERVER: Array
(
    [HTTP_USER_AGENT] => Mozilla/5.0 (Windows NT 10.0; Win64; x64) AppleWebKit/537.36 (KHTML, like Gecko) Chrome/141.0.0.0 Safari/537.36
    [CONTENT_TYPE] => multipart/form-data; boundary=----WebKitFormBoundary5h535Q7XMkmL3EdO
    [REMOTE_ADDR] => ::1
    [REQUEST_METHOD] => POST
)

----
2025-10-23T04:46:04+02:00
RAW: (empty)
POST: Array
(
    [driver] => web
    [userId] => ml12zf
    [message] => turno
    [attachment] => null
    [interactive] => 1
)

GET: Array
(
)

SERVER: Array
(
    [HTTP_USER_AGENT] => Mozilla/5.0 (Windows NT 10.0; Win64; x64) AppleWebKit/537.36 (KHTML, like Gecko) Chrome/141.0.0.0 Safari/537.36
    [CONTENT_TYPE] => multipart/form-data; boundary=----WebKitFormBoundarymJiwlyk1eQgBRUIH
    [REMOTE_ADDR] => ::1
    [REQUEST_METHOD] => POST
)

----
2025-10-23T04:46:06+02:00
RAW: (empty)
POST: Array
(
    [driver] => web
    [userId] => ml12zf
    [message] => GASTON GABRIEL BERHAU
    [attachment] => null
    [interactive] => 0
)

GET: Array
(
)

SERVER: Array
(
    [HTTP_USER_AGENT] => Mozilla/5.0 (Windows NT 10.0; Win64; x64) AppleWebKit/537.36 (KHTML, like Gecko) Chrome/141.0.0.0 Safari/537.36
    [CONTENT_TYPE] => multipart/form-data; boundary=----WebKitFormBoundaryAZjKfLswLt7dgxw1
    [REMOTE_ADDR] => ::1
    [REQUEST_METHOD] => POST
)

----
2025-10-23T04:46:08+02:00
RAW: (empty)
POST: Array
(
    [driver] => web
    [userId] => ml12zf
    [message] => ginecologia
    [attachment] => null
    [interactive] => 0
)

GET: Array
(
)

SERVER: Array
(
    [HTTP_USER_AGENT] => Mozilla/5.0 (Windows NT 10.0; Win64; x64) AppleWebKit/537.36 (KHTML, like Gecko) Chrome/141.0.0.0 Safari/537.36
    [CONTENT_TYPE] => multipart/form-data; boundary=----WebKitFormBoundaryHBMEM5LZeUDog6VE
    [REMOTE_ADDR] => ::1
    [REQUEST_METHOD] => POST
)

----
2025-10-23T04:46:14+02:00
RAW: (empty)
POST: Array
(
    [driver] => web
    [userId] => ml12zf
    [message] => 19/10/2000
    [attachment] => null
    [interactive] => 0
)

GET: Array
(
)

SERVER: Array
(
    [HTTP_USER_AGENT] => Mozilla/5.0 (Windows NT 10.0; Win64; x64) AppleWebKit/537.36 (KHTML, like Gecko) Chrome/141.0.0.0 Safari/537.36
    [CONTENT_TYPE] => multipart/form-data; boundary=----WebKitFormBoundaryCFFm4SjLoBDpIX0N
    [REMOTE_ADDR] => ::1
    [REQUEST_METHOD] => POST
)

----
2025-10-23T04:46:30+02:00
RAW: (empty)
POST: Array
(
    [driver] => web
    [userId] => azsffx
    [message] => Menu
    [attachment] => null
    [interactive] => 0
)

GET: Array
(
)

SERVER: Array
(
    [HTTP_USER_AGENT] => Mozilla/5.0 (Windows NT 10.0; Win64; x64) AppleWebKit/537.36 (KHTML, like Gecko) Chrome/141.0.0.0 Safari/537.36
    [CONTENT_TYPE] => multipart/form-data; boundary=----WebKitFormBoundaryHelYhS7RcgPbhluZ
    [REMOTE_ADDR] => ::1
    [REQUEST_METHOD] => POST
)

----
2025-10-23T04:46:31+02:00
RAW: (empty)
POST: Array
(
    [driver] => web
    [userId] => azsffx
    [message] => turno
    [attachment] => null
    [interactive] => 1
)

GET: Array
(
)

SERVER: Array
(
    [HTTP_USER_AGENT] => Mozilla/5.0 (Windows NT 10.0; Win64; x64) AppleWebKit/537.36 (KHTML, like Gecko) Chrome/141.0.0.0 Safari/537.36
    [CONTENT_TYPE] => multipart/form-data; boundary=----WebKitFormBoundaryV3o4iVLhBBpYuE2j
    [REMOTE_ADDR] => ::1
    [REQUEST_METHOD] => POST
)

----
2025-10-23T04:46:35+02:00
RAW: (empty)
POST: Array
(
    [driver] => web
    [userId] => azsffx
    [message] => GASTON GABRIEL BERHAU
    [attachment] => null
    [interactive] => 0
)

GET: Array
(
)

SERVER: Array
(
    [HTTP_USER_AGENT] => Mozilla/5.0 (Windows NT 10.0; Win64; x64) AppleWebKit/537.36 (KHTML, like Gecko) Chrome/141.0.0.0 Safari/537.36
    [CONTENT_TYPE] => multipart/form-data; boundary=----WebKitFormBoundary25MECmL6y4nPzF7u
    [REMOTE_ADDR] => ::1
    [REQUEST_METHOD] => POST
)

----
2025-10-23T04:46:37+02:00
RAW: (empty)
POST: Array
(
    [driver] => web
    [userId] => azsffx
    [message] => ginecologia
    [attachment] => null
    [interactive] => 0
)

GET: Array
(
)

SERVER: Array
(
    [HTTP_USER_AGENT] => Mozilla/5.0 (Windows NT 10.0; Win64; x64) AppleWebKit/537.36 (KHTML, like Gecko) Chrome/141.0.0.0 Safari/537.36
    [CONTENT_TYPE] => multipart/form-data; boundary=----WebKitFormBoundaryQaA2CmLe6zeyC4Jk
    [REMOTE_ADDR] => ::1
    [REQUEST_METHOD] => POST
)

----
2025-10-23T04:46:40+02:00
RAW: (empty)
POST: Array
(
    [driver] => web
    [userId] => azsffx
    [message] => 10/10/2000
    [attachment] => null
    [interactive] => 0
)

GET: Array
(
)

SERVER: Array
(
    [HTTP_USER_AGENT] => Mozilla/5.0 (Windows NT 10.0; Win64; x64) AppleWebKit/537.36 (KHTML, like Gecko) Chrome/141.0.0.0 Safari/537.36
    [CONTENT_TYPE] => multipart/form-data; boundary=----WebKitFormBoundaryWV9sTg7U4TNdA3oU
    [REMOTE_ADDR] => ::1
    [REQUEST_METHOD] => POST
)

----
2025-10-23T04:49:50+02:00
RAW: (empty)
POST: Array
(
    [driver] => web
    [userId] => twd539
    [message] => Menu
    [attachment] => null
    [interactive] => 0
)

GET: Array
(
)

SERVER: Array
(
    [HTTP_USER_AGENT] => Mozilla/5.0 (Windows NT 10.0; Win64; x64) AppleWebKit/537.36 (KHTML, like Gecko) Chrome/141.0.0.0 Safari/537.36
    [CONTENT_TYPE] => multipart/form-data; boundary=----WebKitFormBoundarypawPWTkHKLTq6PR8
    [REMOTE_ADDR] => ::1
    [REQUEST_METHOD] => POST
)

----
2025-10-23T04:49:52+02:00
RAW: (empty)
POST: Array
(
    [driver] => web
    [userId] => twd539
    [message] => turno
    [attachment] => null
    [interactive] => 1
)

GET: Array
(
)

SERVER: Array
(
    [HTTP_USER_AGENT] => Mozilla/5.0 (Windows NT 10.0; Win64; x64) AppleWebKit/537.36 (KHTML, like Gecko) Chrome/141.0.0.0 Safari/537.36
    [CONTENT_TYPE] => multipart/form-data; boundary=----WebKitFormBoundaryAGKU6Gkz2S2Q9A8c
    [REMOTE_ADDR] => ::1
    [REQUEST_METHOD] => POST
)

----
2025-10-23T04:49:53+02:00
RAW: (empty)
POST: Array
(
    [driver] => web
    [userId] => twd539
    [message] => GASTON GABRIEL BERHAU
    [attachment] => null
    [interactive] => 0
)

GET: Array
(
)

SERVER: Array
(
    [HTTP_USER_AGENT] => Mozilla/5.0 (Windows NT 10.0; Win64; x64) AppleWebKit/537.36 (KHTML, like Gecko) Chrome/141.0.0.0 Safari/537.36
    [CONTENT_TYPE] => multipart/form-data; boundary=----WebKitFormBoundaryIxzri9GVVD4Q1lgc
    [REMOTE_ADDR] => ::1
    [REQUEST_METHOD] => POST
)

----
2025-10-23T04:49:56+02:00
RAW: (empty)
POST: Array
(
    [driver] => web
    [userId] => twd539
    [message] => ginecologia
    [attachment] => null
    [interactive] => 0
)

GET: Array
(
)

SERVER: Array
(
    [HTTP_USER_AGENT] => Mozilla/5.0 (Windows NT 10.0; Win64; x64) AppleWebKit/537.36 (KHTML, like Gecko) Chrome/141.0.0.0 Safari/537.36
    [CONTENT_TYPE] => multipart/form-data; boundary=----WebKitFormBoundaryn4ExfDye3BHfy3HW
    [REMOTE_ADDR] => ::1
    [REQUEST_METHOD] => POST
)

----
2025-10-23T04:49:59+02:00
RAW: (empty)
POST: Array
(
    [driver] => web
    [userId] => twd539
    [message] => 10/10/2000
    [attachment] => null
    [interactive] => 0
)

GET: Array
(
)

SERVER: Array
(
    [HTTP_USER_AGENT] => Mozilla/5.0 (Windows NT 10.0; Win64; x64) AppleWebKit/537.36 (KHTML, like Gecko) Chrome/141.0.0.0 Safari/537.36
    [CONTENT_TYPE] => multipart/form-data; boundary=----WebKitFormBoundaryAyEacB8p5hxfAu8n
    [REMOTE_ADDR] => ::1
    [REQUEST_METHOD] => POST
)

----
2025-10-23T04:50:42+02:00
RAW: (empty)
POST: Array
(
    [driver] => web
    [userId] => xlc5qo
    [message] => Menu
    [attachment] => null
    [interactive] => 0
)

GET: Array
(
)

SERVER: Array
(
    [HTTP_USER_AGENT] => Mozilla/5.0 (Windows NT 10.0; Win64; x64) AppleWebKit/537.36 (KHTML, like Gecko) Chrome/141.0.0.0 Safari/537.36
    [CONTENT_TYPE] => multipart/form-data; boundary=----WebKitFormBoundaryewuOK9T6hPTyyNPG
    [REMOTE_ADDR] => ::1
    [REQUEST_METHOD] => POST
)

----
2025-10-23T04:50:43+02:00
RAW: (empty)
POST: Array
(
    [driver] => web
    [userId] => xlc5qo
    [message] => turno
    [attachment] => null
    [interactive] => 1
)

GET: Array
(
)

SERVER: Array
(
    [HTTP_USER_AGENT] => Mozilla/5.0 (Windows NT 10.0; Win64; x64) AppleWebKit/537.36 (KHTML, like Gecko) Chrome/141.0.0.0 Safari/537.36
    [CONTENT_TYPE] => multipart/form-data; boundary=----WebKitFormBoundaryIlfXU9JpfmI6aRfP
    [REMOTE_ADDR] => ::1
    [REQUEST_METHOD] => POST
)

----
2025-10-23T04:50:44+02:00
RAW: (empty)
POST: Array
(
    [driver] => web
    [userId] => xlc5qo
    [message] => GASTON GABRIEL BERHAU
    [attachment] => null
    [interactive] => 0
)

GET: Array
(
)

SERVER: Array
(
    [HTTP_USER_AGENT] => Mozilla/5.0 (Windows NT 10.0; Win64; x64) AppleWebKit/537.36 (KHTML, like Gecko) Chrome/141.0.0.0 Safari/537.36
    [CONTENT_TYPE] => multipart/form-data; boundary=----WebKitFormBoundaryUHBkCVoPun7xSwSz
    [REMOTE_ADDR] => ::1
    [REQUEST_METHOD] => POST
)

----
2025-10-23T04:50:46+02:00
RAW: (empty)
POST: Array
(
    [driver] => web
    [userId] => xlc5qo
    [message] => ginecologia
    [attachment] => null
    [interactive] => 0
)

GET: Array
(
)

SERVER: Array
(
    [HTTP_USER_AGENT] => Mozilla/5.0 (Windows NT 10.0; Win64; x64) AppleWebKit/537.36 (KHTML, like Gecko) Chrome/141.0.0.0 Safari/537.36
    [CONTENT_TYPE] => multipart/form-data; boundary=----WebKitFormBoundaryrd98yVvCmKiTXMdx
    [REMOTE_ADDR] => ::1
    [REQUEST_METHOD] => POST
)

----
2025-10-23T04:50:49+02:00
RAW: (empty)
POST: Array
(
    [driver] => web
    [userId] => xlc5qo
    [message] => 10/10/2000
    [attachment] => null
    [interactive] => 0
)

GET: Array
(
)

SERVER: Array
(
    [HTTP_USER_AGENT] => Mozilla/5.0 (Windows NT 10.0; Win64; x64) AppleWebKit/537.36 (KHTML, like Gecko) Chrome/141.0.0.0 Safari/537.36
    [CONTENT_TYPE] => multipart/form-data; boundary=----WebKitFormBoundary0JQ4xUWdvbiJcMUN
    [REMOTE_ADDR] => ::1
    [REQUEST_METHOD] => POST
)

----
2025-10-23T04:54:36+02:00
RAW: (empty)
POST: Array
(
    [driver] => web
    [userId] => aw03um
    [message] => Menu
    [attachment] => null
    [interactive] => 0
)

GET: Array
(
)

SERVER: Array
(
    [HTTP_USER_AGENT] => Mozilla/5.0 (Windows NT 10.0; Win64; x64) AppleWebKit/537.36 (KHTML, like Gecko) Chrome/141.0.0.0 Safari/537.36
    [CONTENT_TYPE] => multipart/form-data; boundary=----WebKitFormBoundaryw633QUYAxGz0wAR6
    [REMOTE_ADDR] => ::1
    [REQUEST_METHOD] => POST
)

----
2025-10-23T04:54:37+02:00
RAW: (empty)
POST: Array
(
    [driver] => web
    [userId] => aw03um
    [message] => turno
    [attachment] => null
    [interactive] => 1
)

GET: Array
(
)

SERVER: Array
(
    [HTTP_USER_AGENT] => Mozilla/5.0 (Windows NT 10.0; Win64; x64) AppleWebKit/537.36 (KHTML, like Gecko) Chrome/141.0.0.0 Safari/537.36
    [CONTENT_TYPE] => multipart/form-data; boundary=----WebKitFormBoundaryLGOp8cBfmeKw5b4D
    [REMOTE_ADDR] => ::1
    [REQUEST_METHOD] => POST
)

----
2025-10-23T04:54:38+02:00
RAW: (empty)
POST: Array
(
    [driver] => web
    [userId] => aw03um
    [message] => GASTON GABRIEL BERHAU
    [attachment] => null
    [interactive] => 0
)

GET: Array
(
)

SERVER: Array
(
    [HTTP_USER_AGENT] => Mozilla/5.0 (Windows NT 10.0; Win64; x64) AppleWebKit/537.36 (KHTML, like Gecko) Chrome/141.0.0.0 Safari/537.36
    [CONTENT_TYPE] => multipart/form-data; boundary=----WebKitFormBoundaryOLBtugCXCTCkdBBQ
    [REMOTE_ADDR] => ::1
    [REQUEST_METHOD] => POST
)

----
2025-10-23T04:54:41+02:00
RAW: (empty)
POST: Array
(
    [driver] => web
    [userId] => aw03um
    [message] => ginecologia
    [attachment] => null
    [interactive] => 0
)

GET: Array
(
)

SERVER: Array
(
    [HTTP_USER_AGENT] => Mozilla/5.0 (Windows NT 10.0; Win64; x64) AppleWebKit/537.36 (KHTML, like Gecko) Chrome/141.0.0.0 Safari/537.36
    [CONTENT_TYPE] => multipart/form-data; boundary=----WebKitFormBoundarywn1R28jGYBsRfmAM
    [REMOTE_ADDR] => ::1
    [REQUEST_METHOD] => POST
)

----
2025-10-23T04:54:44+02:00
RAW: (empty)
POST: Array
(
    [driver] => web
    [userId] => aw03um
    [message] => 10/10/2000
    [attachment] => null
    [interactive] => 0
)

GET: Array
(
)

SERVER: Array
(
    [HTTP_USER_AGENT] => Mozilla/5.0 (Windows NT 10.0; Win64; x64) AppleWebKit/537.36 (KHTML, like Gecko) Chrome/141.0.0.0 Safari/537.36
    [CONTENT_TYPE] => multipart/form-data; boundary=----WebKitFormBoundaryBPA5WUhdGvdMkUZJ
    [REMOTE_ADDR] => ::1
    [REQUEST_METHOD] => POST
)

----
2025-10-23T04:55:44+02:00
RAW: (empty)
POST: Array
(
    [driver] => web
    [userId] => dss68l
    [message] => Menu
    [attachment] => null
    [interactive] => 0
)

GET: Array
(
)

SERVER: Array
(
    [HTTP_USER_AGENT] => Mozilla/5.0 (Windows NT 10.0; Win64; x64) AppleWebKit/537.36 (KHTML, like Gecko) Chrome/141.0.0.0 Safari/537.36
    [CONTENT_TYPE] => multipart/form-data; boundary=----WebKitFormBoundaryATUZAHNy7vZoJ3Mc
    [REMOTE_ADDR] => ::1
    [REQUEST_METHOD] => POST
)

----
2025-10-23T04:55:45+02:00
RAW: (empty)
POST: Array
(
    [driver] => web
    [userId] => dss68l
    [message] => turno
    [attachment] => null
    [interactive] => 1
)

GET: Array
(
)

SERVER: Array
(
    [HTTP_USER_AGENT] => Mozilla/5.0 (Windows NT 10.0; Win64; x64) AppleWebKit/537.36 (KHTML, like Gecko) Chrome/141.0.0.0 Safari/537.36
    [CONTENT_TYPE] => multipart/form-data; boundary=----WebKitFormBoundaryHAWVk2sUCVdXBFJk
    [REMOTE_ADDR] => ::1
    [REQUEST_METHOD] => POST
)

----
2025-10-23T04:55:46+02:00
RAW: (empty)
POST: Array
(
    [driver] => web
    [userId] => dss68l
    [message] => GASTON GABRIEL BERHAU
    [attachment] => null
    [interactive] => 0
)

GET: Array
(
)

SERVER: Array
(
    [HTTP_USER_AGENT] => Mozilla/5.0 (Windows NT 10.0; Win64; x64) AppleWebKit/537.36 (KHTML, like Gecko) Chrome/141.0.0.0 Safari/537.36
    [CONTENT_TYPE] => multipart/form-data; boundary=----WebKitFormBoundary5GNvXa3qAdVgpAGq
    [REMOTE_ADDR] => ::1
    [REQUEST_METHOD] => POST
)

----
2025-10-23T04:55:48+02:00
RAW: (empty)
POST: Array
(
    [driver] => web
    [userId] => dss68l
    [message] => ginecologia
    [attachment] => null
    [interactive] => 0
)

GET: Array
(
)

SERVER: Array
(
    [HTTP_USER_AGENT] => Mozilla/5.0 (Windows NT 10.0; Win64; x64) AppleWebKit/537.36 (KHTML, like Gecko) Chrome/141.0.0.0 Safari/537.36
    [CONTENT_TYPE] => multipart/form-data; boundary=----WebKitFormBoundary1BCtVorcpkthjOyo
    [REMOTE_ADDR] => ::1
    [REQUEST_METHOD] => POST
)

----
2025-10-23T04:55:51+02:00
RAW: (empty)
POST: Array
(
    [driver] => web
    [userId] => dss68l
    [message] => 19/10/2000
    [attachment] => null
    [interactive] => 0
)

GET: Array
(
)

SERVER: Array
(
    [HTTP_USER_AGENT] => Mozilla/5.0 (Windows NT 10.0; Win64; x64) AppleWebKit/537.36 (KHTML, like Gecko) Chrome/141.0.0.0 Safari/537.36
    [CONTENT_TYPE] => multipart/form-data; boundary=----WebKitFormBoundaryI3BBmajGauo2eS4a
    [REMOTE_ADDR] => ::1
    [REQUEST_METHOD] => POST
)

----
2025-10-23T04:57:02+02:00
RAW: (empty)
POST: Array
(
    [driver] => web
    [userId] => dss68l
    [message] => Menu
    [attachment] => null
    [interactive] => 0
)

GET: Array
(
)

SERVER: Array
(
    [HTTP_USER_AGENT] => Mozilla/5.0 (Windows NT 10.0; Win64; x64) AppleWebKit/537.36 (KHTML, like Gecko) Chrome/141.0.0.0 Safari/537.36
    [CONTENT_TYPE] => multipart/form-data; boundary=----WebKitFormBoundaryby8GZmly8uXZQFVB
    [REMOTE_ADDR] => ::1
    [REQUEST_METHOD] => POST
)

----
2025-10-23T04:57:03+02:00
RAW: (empty)
POST: Array
(
    [driver] => web
    [userId] => dss68l
    [message] => turno
    [attachment] => null
    [interactive] => 1
)

GET: Array
(
)

SERVER: Array
(
    [HTTP_USER_AGENT] => Mozilla/5.0 (Windows NT 10.0; Win64; x64) AppleWebKit/537.36 (KHTML, like Gecko) Chrome/141.0.0.0 Safari/537.36
    [CONTENT_TYPE] => multipart/form-data; boundary=----WebKitFormBoundary5aRMrOuZKZfmSNPR
    [REMOTE_ADDR] => ::1
    [REQUEST_METHOD] => POST
)

----
2025-10-23T04:57:06+02:00
RAW: (empty)
POST: Array
(
    [driver] => web
    [userId] => dss68l
    [message] => GASTON GABRIEL BERHAU
    [attachment] => null
    [interactive] => 0
)

GET: Array
(
)

SERVER: Array
(
    [HTTP_USER_AGENT] => Mozilla/5.0 (Windows NT 10.0; Win64; x64) AppleWebKit/537.36 (KHTML, like Gecko) Chrome/141.0.0.0 Safari/537.36
    [CONTENT_TYPE] => multipart/form-data; boundary=----WebKitFormBoundaryOJqMOrD6eRBed28Q
    [REMOTE_ADDR] => ::1
    [REQUEST_METHOD] => POST
)

----
2025-10-23T04:57:09+02:00
RAW: (empty)
POST: Array
(
    [driver] => web
    [userId] => dss68l
    [message] => 10/40/2000
    [attachment] => null
    [interactive] => 0
)

GET: Array
(
)

SERVER: Array
(
    [HTTP_USER_AGENT] => Mozilla/5.0 (Windows NT 10.0; Win64; x64) AppleWebKit/537.36 (KHTML, like Gecko) Chrome/141.0.0.0 Safari/537.36
    [CONTENT_TYPE] => multipart/form-data; boundary=----WebKitFormBoundary80auvuQYiEoxNf60
    [REMOTE_ADDR] => ::1
    [REQUEST_METHOD] => POST
)

----
2025-10-23T04:57:19+02:00
RAW: (empty)
POST: Array
(
    [driver] => web
    [userId] => dss68l
    [message] => 10/40/2000
    [attachment] => null
    [interactive] => 0
)

GET: Array
(
)

SERVER: Array
(
    [HTTP_USER_AGENT] => Mozilla/5.0 (Windows NT 10.0; Win64; x64) AppleWebKit/537.36 (KHTML, like Gecko) Chrome/141.0.0.0 Safari/537.36
    [CONTENT_TYPE] => multipart/form-data; boundary=----WebKitFormBoundaryE36hZ010BBw92UA2
    [REMOTE_ADDR] => ::1
    [REQUEST_METHOD] => POST
)

----
